[    0.000000] Initializing cgroup subsys cpuset
[    0.000000] Initializing cgroup subsys cpu
[    0.000000] Initializing cgroup subsys cpuacct
[    0.000000] Linux version 4.4.0-77-generic (buildd@lgw01-59) (gcc version 5.4.0 20160609 (Ubuntu 5.4.0-6ubuntu1~16.04.4) ) #98-Ubuntu SMP Wed Apr 26 08:34:02 UTC 2017 (Ubuntu 4.4.0-77.98-generic 4.4.59)
[    0.000000] Command line: BOOT_IMAGE=/boot/vmlinuz-4.4.0-77-generic root=LABEL=cloudimg-rootfs ro console=tty1 console=ttyS0
[    0.000000] KERNEL supported cpus:
[    0.000000]   Intel GenuineIntel
[    0.000000]   AMD AuthenticAMD
[    0.000000]   Centaur CentaurHauls
[    0.000000] x86/fpu: xstate_offset[2]:  576, xstate_sizes[2]:  256
[    0.000000] x86/fpu: Supporting XSAVE feature 0x01: 'x87 floating point registers'
[    0.000000] x86/fpu: Supporting XSAVE feature 0x02: 'SSE registers'
[    0.000000] x86/fpu: Supporting XSAVE feature 0x04: 'AVX registers'
[    0.000000] x86/fpu: Enabled xstate features 0x7, context size is 832 bytes, using 'standard' format.
[    0.000000] x86/fpu: Using 'lazy' FPU context switches.
[    0.000000] e820: BIOS-provided physical RAM map:
[    0.000000] BIOS-e820: [mem 0x0000000000000000-0x000000000009fbff] usable
[    0.000000] BIOS-e820: [mem 0x000000000009fc00-0x000000000009ffff] reserved
[    0.000000] BIOS-e820: [mem 0x00000000000f0000-0x00000000000fffff] reserved
[    0.000000] BIOS-e820: [mem 0x0000000000100000-0x000000003ffeffff] usable
[    0.000000] BIOS-e820: [mem 0x000000003fff0000-0x000000003fffffff] ACPI data
[    0.000000] BIOS-e820: [mem 0x00000000fec00000-0x00000000fec00fff] reserved
[    0.000000] BIOS-e820: [mem 0x00000000fee00000-0x00000000fee00fff] reserved
[    0.000000] BIOS-e820: [mem 0x00000000fffc0000-0x00000000ffffffff] reserved
[    0.000000] NX (Execute Disable) protection: active
[    0.000000] SMBIOS 2.5 present.
[    0.000000] Hypervisor detected: KVM
[    0.000000] e820: last_pfn = 0x3fff0 max_arch_pfn = 0x400000000
[    0.000000] MTRR: Disabled
[    0.000000] x86/PAT: MTRRs disabled, skipping PAT initialization too.
[    0.000000] x86/PAT: Configuration [0-7]: WB  WT  UC- UC  WB  WT  UC- UC  
[    0.000000] CPU MTRRs all blank - virtualized system.
[    0.000000] found SMP MP-table at [mem 0x0009fff0-0x0009ffff] mapped at [ffff88000009fff0]
[    0.000000] Scanning 1 areas for low memory corruption
[    0.000000] RAMDISK: [mem 0x36af4000-0x37571fff]
[    0.000000] ACPI: Early table checksum verification disabled
[    0.000000] ACPI: RSDP 0x00000000000E0000 000024 (v02 VBOX  )
[    0.000000] ACPI: XSDT 0x000000003FFF0030 00003C (v01 VBOX   VBOXXSDT 00000001 ASL  00000061)
[    0.000000] ACPI: FACP 0x000000003FFF00F0 0000F4 (v04 VBOX   VBOXFACP 00000001 ASL  00000061)
[    0.000000] ACPI: DSDT 0x000000003FFF0470 0021C8 (v02 VBOX   VBOXBIOS 00000002 INTL 20100528)
[    0.000000] ACPI: FACS 0x000000003FFF0200 000040
[    0.000000] ACPI: FACS 0x000000003FFF0200 000040
[    0.000000] ACPI: APIC 0x000000003FFF0240 00005C (v02 VBOX   VBOXAPIC 00000001 ASL  00000061)
[    0.000000] ACPI: SSDT 0x000000003FFF02A0 0001CC (v01 VBOX   VBOXCPUT 00000002 INTL 20100528)
[    0.000000] No NUMA configuration found
[    0.000000] Faking a node at [mem 0x0000000000000000-0x000000003ffeffff]
[    0.000000] NODE_DATA(0) allocated [mem 0x3ffeb000-0x3ffeffff]
[    0.000000] kvm-clock: Using msrs 4b564d01 and 4b564d00
[    0.000000] kvm-clock: cpu 0, msr 0:3ffe3001, primary cpu clock
[    0.000000] kvm-clock: using sched offset of 2921131260 cycles
[    0.000000] clocksource: kvm-clock: mask: 0xffffffffffffffff max_cycles: 0x1cd42e4dffb, max_idle_ns: 881590591483 ns
[    0.000000] Zone ranges:
[    0.000000]   DMA      [mem 0x0000000000001000-0x0000000000ffffff]
[    0.000000]   DMA32    [mem 0x0000000001000000-0x000000003ffeffff]
[    0.000000]   Normal   empty
[    0.000000]   Device   empty
[    0.000000] Movable zone start for each node
[    0.000000] Early memory node ranges
[    0.000000]   node   0: [mem 0x0000000000001000-0x000000000009efff]
[    0.000000]   node   0: [mem 0x0000000000100000-0x000000003ffeffff]
[    0.000000] Initmem setup node 0 [mem 0x0000000000001000-0x000000003ffeffff]
[    0.000000] ACPI: PM-Timer IO Port: 0x4008
[    0.000000] IOAPIC[0]: apic_id 2, version 32, address 0xfec00000, GSI 0-23
[    0.000000] ACPI: INT_SRC_OVR (bus 0 bus_irq 0 global_irq 2 dfl dfl)
[    0.000000] ACPI: INT_SRC_OVR (bus 0 bus_irq 9 global_irq 9 high level)
[    0.000000] Using ACPI (MADT) for SMP configuration information
[    0.000000] smpboot: Allowing 2 CPUs, 0 hotplug CPUs
[    0.000000] PM: Registered nosave memory: [mem 0x00000000-0x00000fff]
[    0.000000] PM: Registered nosave memory: [mem 0x0009f000-0x0009ffff]
[    0.000000] PM: Registered nosave memory: [mem 0x000a0000-0x000effff]
[    0.000000] PM: Registered nosave memory: [mem 0x000f0000-0x000fffff]
[    0.000000] e820: [mem 0x40000000-0xfebfffff] available for PCI devices
[    0.000000] Booting paravirtualized kernel on KVM
[    0.000000] clocksource: refined-jiffies: mask: 0xffffffff max_cycles: 0xffffffff, max_idle_ns: 7645519600211568 ns
[    0.000000] setup_percpu: NR_CPUS:512 nr_cpumask_bits:512 nr_cpu_ids:2 nr_node_ids:1
[    0.000000] PERCPU: Embedded 33 pages/cpu @ffff88003fc00000 s98264 r8192 d28712 u1048576
[    0.000000] PV qspinlock hash table entries: 256 (order: 0, 4096 bytes)
[    0.000000] Built 1 zonelists in Node order, mobility grouping on.  Total pages: 257913
[    0.000000] Policy zone: DMA32
[    0.000000] Kernel command line: BOOT_IMAGE=/boot/vmlinuz-4.4.0-77-generic root=LABEL=cloudimg-rootfs ro console=tty1 console=ttyS0
[    0.000000] PID hash table entries: 4096 (order: 3, 32768 bytes)
[    0.000000] Memory: 1001836K/1048120K available (8449K kernel code, 1294K rwdata, 3980K rodata, 1484K init, 1316K bss, 46284K reserved, 0K cma-reserved)
[    0.000000] SLUB: HWalign=64, Order=0-3, MinObjects=0, CPUs=2, Nodes=1
[    0.000000] Hierarchical RCU implementation.
[    0.000000] 	Build-time adjustment of leaf fanout to 64.
[    0.000000] 	RCU restricting CPUs from NR_CPUS=512 to nr_cpu_ids=2.
[    0.000000] RCU: Adjusting geometry for rcu_fanout_leaf=64, nr_cpu_ids=2
[    0.000000] NR_IRQS:33024 nr_irqs:440 16
[    0.000000] Console: colour VGA+ 80x25
[    0.000000] console [tty1] enabled
[    0.000000] console [ttyS0] enabled
[    0.000000] tsc: Detected 2494.226 MHz processor
[   12.173416] Calibrating delay loop (skipped) preset value.. 4988.45 BogoMIPS (lpj=9976904)
[   12.328653] pid_max: default: 32768 minimum: 301
[   12.356888] ACPI: Core revision 20150930
[   12.418764] ACPI: 2 ACPI AML tables successfully acquired and loaded
[   12.439450] Security Framework initialized
[   12.522053] Yama: becoming mindful.
[   12.577775] AppArmor: AppArmor initialized
[   12.600553] Dentry cache hash table entries: 131072 (order: 8, 1048576 bytes)
[   12.670427] Inode-cache hash table entries: 65536 (order: 7, 524288 bytes)
[   12.784905] Mount-cache hash table entries: 2048 (order: 2, 16384 bytes)
[   12.864799] Mountpoint-cache hash table entries: 2048 (order: 2, 16384 bytes)
[   13.002398] Initializing cgroup subsys io
[   13.091735] Initializing cgroup subsys memory
[   13.190651] Initializing cgroup subsys devices
[   13.278458] Initializing cgroup subsys freezer
[   13.372379] Initializing cgroup subsys net_cls
[   13.425002] Initializing cgroup subsys perf_event
[   13.461580] Initializing cgroup subsys net_prio
[   13.489117] Initializing cgroup subsys hugetlb
[   13.590780] Initializing cgroup subsys pids
[   13.660053] CPU: Physical Processor ID: 0
[   13.758471] CPU: Processor Core ID: 0
[   13.841258] mce: CPU supports 0 MCE banks
[   13.945022] Last level iTLB entries: 4KB 1024, 2MB 1024, 4MB 1024
[   14.082356] Last level dTLB entries: 4KB 1024, 2MB 1024, 4MB 1024, 1GB 4
[   14.221678] Freeing SMP alternatives memory: 32K (ffffffff820b8000 - ffffffff820c0000)
[   14.406007] ftrace: allocating 32117 entries in 126 pages
[   14.555318] smpboot: APIC(0) Converting physical 0 to logical package 0
[   14.665433] smpboot: Max logical packages: 1
[   14.771935] x2apic enabled
[   14.846849] Switched APIC routing to physical x2apic.
[   14.950967] ..TIMER: vector=0x30 apic1=0 pin1=2 apic2=-1 pin2=-1
[   15.152738] smpboot: CPU0: Intel(R) Core(TM) i7-4870HQ CPU @ 2.50GHz (family: 0x6, model: 0x46, stepping: 0x1)
[   15.322805] Performance Events: unsupported p6 CPU model 70 no PMU driver, software events only.
[   15.519781] KVM setup paravirtual spinlock
[   15.607059] x86: Booting SMP configuration:
[   15.664748] .... node  #0, CPUs:      #1
[   15.760098] kvm-clock: cpu 1, msr 0:3ffe3041, secondrry cpu clock
[   15.965392] mce: CPU supports 0 MCE banks
[   16.053225] x86: Booted up 1 node, 2 CPUs
[   16.161509] smpboot: Total of 2 processors activated (9976.90 BogoMIPS)
[   16.313848] devtmpfs: initialized
[   16.395874] evm: security.selinux
[   16.460697] evm: security.SMACK64
[   16.531245] evm: security.SMACK64EXEC
[   16.617006] evm: security.SMACK64TRANSMUTE
[   16.689320] evm: security.SMACK64MMAP
[   16.717667] evm: security.ima
[   16.742763] evm: security.capability
[   16.795468] clocksource: jiffies: mask: 0xffffffff max_cycles: 0xffffffff, max_idle_ns: 7645041785100000 ns
[   17.005285] futex hash table entries: 512 (order: 3, 32768 bytes)
[   17.154984] pinctrl core: initialized pinctrl subsystem
[   17.261439] RTC time: 17:37:56, date: 05/16/17
[   17.394443] NET: Registered protocol family 16
[   17.509220] cpuidle: using governor ladder
[   17.621663] cpuidle: using governor menu
[   17.721700] PCCT header not found.
[   17.762495] ACPI: bus type PCI registered
[   17.802340] acpiphp: ACPI Hot Plug PCI Controller Driver version: 0.5
[   17.822065] PCI: Using configuration type 1 for base access
[   17.950216] ACPI: Added _OSI(Module Device)
[   18.058839] ACPI: Added _OSI(Processor Device)
[   18.171145] ACPI: Added _OSI(3.0 _SCP Extensions)
[   18.261347] ACPI: Added _OSI(Processor Aggregator Device)
[   18.371425] ACPI: Executed 1 blocks of module-level executable AML code
[   18.534106] ACPI: Interpreter enabled
[   18.632051] ACPI: (supports S0 S5)
[   18.721158] ACPI: Using IOAPIC for interrupt routing
[   18.837192] PCI: Using host bridge windows from ACPI; if necessary, use "pci=nocrs" and report a bug
[   18.961795] ACPI: PCI Root Bridge [PCI0] (domain 0000 [bus 00-ff])
[   19.115699] acpi PNP0A03:00: _OSC: OS supports [ASPM ClockPM Segments MSI]
[   19.288601] acpi PNP0A03:00: _OSC failed (AE_NOT_FOUND); disabling ASPM
[   19.444069] acpi PNP0A03:00: fail to add MMCONFIG information, can't access extended PCI configuration space under this bridge.
[   19.598931] PCI host bridge to bus 0000:00
[   19.659563] pci_bus 0000:00: root bus resource [io  0x0000-0x0cf7 window]
[   19.825785] pci_bus 0000:00: root bus resource [io  0x0d00-0xffff window]
[   19.940134] pci_bus 0000:00: root bus resource [mem 0x000a0000-0x000bffff window]
[   19.982698] pci_bus 0000:00: root bus resource [mem 0x40000000-0xffdfffff window]
[   20.138353] pci_bus 0000:00: root bus resource [bus 00-ff]
[   20.262250] pci 0000:00:01.1: legacy IDE quirk: reg 0x10: [io  0x01f0-0x01f7]
[   20.433604] pci 0000:00:01.1: legacy IDE quirk: reg 0x14: [io  0x03f6]
[   20.569748] pci 0000:00:01.1: legacy IDE quirk: reg 0x18: [io  0x0170-0x0177]
[   20.746394] pci 0000:00:01.1: legacy IDE quirk: reg 0x1c: [io  0x0376]
[   20.913337] pci 0000:00:07.0: quirk: [io  0x4000-0x403f] claimed by PIIX4 ACPI
[   21.037136] pci 0000:00:07.0: quirk: [io  0x4100-0x410f] claimed by PIIX4 SMB
[   21.090832] ACPI: PCI Interrupt Link [LNKA] (IRQs 5 9 10 *11)
[   21.191123] ACPI: PCI Interrupt Link [LNKB] (IRQs 5 9 10 *11)
[   21.317119] ACPI: PCI Interrupt Link [LNKC] (IRQs 5 9 *10 11)
[   21.450323] ACPI: PCI Interrupt Link [LNKD] (IRQs 5 *9 10 11)
[   21.587151] ACPI: Enabled 2 GPEs in block 00 to 07
[   21.685731] vgaarb: setting as boot device: PCI:0000:00:02.0
[   21.809764] vgaarb: device added: PCI:0000:00:02.0,decodes=io+mem,owns=io+mem,locks=none
[   22.022880] vgaarb: loaded
[   22.087606] vgaarb: bridge control possible 0000:00:02.0
[   22.146080] SCSI subsystem initialized
[   22.174196] ACPI: bus type USB registered
[   22.253073] usbcore: registered new interface driver usbfs
[   22.384815] usbcore: registered new interface driver hub
[   22.497944] usbcore: registered new device driver usb
[   22.616766] PCI: Using ACPI for IRQ routing
[   22.689716] NetLabel: Initializing
[   22.768487] NetLabel:  domain hash size = 128
[   22.840889] NetLabel:  protocols = UNLABELED CIPSOv4
[   22.952143] NetLabel:  unlabeled traffic allowed by default
[   23.084207] amd_nb: Cannot enumerate AMD northbridges
[   23.168276] clocksource: Switched to clocksource kvm-clock
[   23.251063] AppArmor: AppArmor Filesystem Enabled
[   23.332758] pnp: PnP ACPI init
[   23.398448] pnp: PnP ACPI: found 3 devices
[   23.514571] clocksource: acpi_pm: mask: 0xffffff max_cycles: 0xffffff, max_idle_ns: 2085701024 ns
[   23.753605] NET: Registered protocol family 2
[   23.859497] TCP established hash table entries: 8192 (order: 4, 65536 bytes)
[   24.042154] TCP bind hash table entries: 8192 (order: 5, 131072 bytes)
[   24.219423] TCP: Hash tables configured (established 8192 bind 8192)
[   24.358981] UDP hash table entries: 512 (order: 2, 16384 bytes)
[   24.504225] UDP-Lite hash table entries: 512 (order: 2, 16384 bytes)
[   24.654944] NET: Registered protocol family 1
[   24.760207] pci 0000:00:00.0: Limiting direct PCI/PCI transfers
[   24.927914] pci 0000:00:01.0: Activating ISA DMA hang workarounds
[   25.091501] Unpacking initramfs...
[   26.739687] Freeing initrd memory: 10744K (ffff880036af4000 - ffff880037572000)
[   26.916000] platform rtc_cmos: registered platform RTC device (no PNP device found)
[   27.106235] Scanning for low memory corruption every 60 seconds
[   27.252580] audit: initializing netlink subsys (disabled)
[   27.368883] audit: type=2000 audit(1494956268.598:1): initialized
[   27.520020] Initialise system trusted keyring
[   27.564345] HugeTLB registered 2 MB page size, pre-allocated 0 pages
[   27.667840] zbud: loaded
[   27.734139] VFS: Disk quotas dquot_6.6.0
[   27.785931] VFS: Dquot-cache hash table entries: 512 (order 0, 4096 bytes)
[   27.916612] tsc: Refined TSC clocksource calibration: 2492.683 MHz
[   28.068458] clocksource: tsc: mask: 0xffffffffffffffff max_cycles: 0x23ee39d5de5, max_idle_ns: 440795248531 ns
ÿ[   28.068777] squashfs: version 4.0 (2009/01/31) Phillip Lougher
[   28.069022] fuse init (API version 7.23)
[   28.069130] Key type big_key registered
[   28.069145] Allocating IMA MOK and blacklist keyrings.
[   28.069324] Key type asymmetric registered
[   28.069329] Asymmetric key parser 'x509' registered
[   28.069361] Block layer SCSI generic (bsg) driver version 0.4 loaded (major 249)
[   28.069388] io scheduler noop registered
[   28.069390] io scheduler deadline registered (default)
[   28.069416] io scheduler cfq registered
[   28.069530] pci_hotplug: PCI Hot Plug PCI Core version: 0.5
[   28.069535] pciehp: PCI Express Hot Plug Controller Driver version: 0.4
[   28.069869] ACPI: AC Adapter [AC] (on-line)
[   28.069921] input: Power Button as /devices/LNXSYSTM:00/LNXPWRBN:00/input/input0
[   28.069923] ACPI: Power Button [PWRF]
[   28.069988] input: Sleep Button as /devices/LNXSYSTM:00/LNXSLPBN:00/input/input1
[   28.069990] ACPI: Sleep Button [SLPF]
[   28.070116] GHES: HEST is not enabled!
[   28.070970] ACPI: Battery Slot [BAT0] (battery present)
[   28.071007] Serial: 8250/16550 driver, 32 ports, IRQ sharing enabled
[   28.326252] 00:02: ttyS0 at I/O 0x3f8 (irq = 4, base_baud = 115200) is a 16550A
[   28.457429] Linux agpgart interface v0.103
[   28.560706] loop: module loaded
[   28.561122] scsi host0: ata_piix
[   28.561165] scsi host1: ata_piix
[   28.561189] ata1: PATA max UDMA/33 cmd 0x1f0 ctl 0x3f6 bmdma 0xd000 irq 14
[   28.561189] ata2: PATA max UDMA/33 cmd 0x170 ctl 0x376 bmdma 0xd008 irq 15
[   28.561249] libphy: Fixed MDIO Bus: probed
[   28.561251] tun: Universal TUN/TAP device driver, 1.6
[   28.561251] tun: (C) 1999-2004 Max Krasnyansky <maxk@qualcomm.com>
[   28.561504] PPP generic driver version 2.4.2
[   28.561558] ehci_hcd: USB 2.0 'Enhanced' Host Controller (EHCI) Driver
[   28.561562] ehci-pci: EHCI PCI platform driver
[   28.561575] ehci-platform: EHCI generic platform driver
[   28.561581] ohci_hcd: USB 1.1 'Open' Host Controller (OHCI) Driver
[   28.561584] ohci-pci: OHCI PCI platform driver
[   28.561589] ohci-platform: OHCI generic platform driver
[   28.561595] uhci_hcd: USB Universal Host Controller Interface driver
[   28.561638] i8042: PNP: PS/2 Controller [PNP0303:PS2K,PNP0f03:PS2M] at 0x60,0x64 irq 1,12
[   28.641292] serio: i8042 KBD port at 0x60,0x64 irq 1
[   28.641299] serio: i8042 AUX port at 0x60,0x64 irq 12
[   28.641449] mousedev: PS/2 mouse device common for all mice
[   28.641786] rtc_cmos rtc_cmos: rtc core: registered rtc_cmos as rtc0
[   28.641838] rtc_cmos rtc_cmos: alarms up to one day, 114 bytes nvram
[   28.641845] i2c /dev entries driver
[   28.641912] device-mapper: uevent: version 1.0.3
[   28.641974] device-mapper: ioctl: 4.34.0-ioctl (2015-10-28) initialised: dm-devel@redhat.com
[   28.641994] ledtrig-cpu: registered to indicate activity on CPUs
[   28.642237] NET: Registered protocol family 10
[   28.642398] NET: Registered protocol family 17
[   28.642409] Key type dns_resolver registered
[   28.669634] microcode: CPU0 sig=0x40661, pf=0x40, revision=0x0
[   28.669731] microcode: CPU1 sig=0x40661, pf=0x40, revision=0x0
[   28.669804] microcode: Microcode Update Driver: v2.01 <tigran@aivazian.fsnet.co.uk>, Peter Oruba
[   28.669918] registered taskstats version 1
[   28.669930] Loading compiled-in X.509 certificates
[   28.670537] Loaded X.509 cert 'Build time autogenerated kernel key: 60562572960efd370424d983abb028749c4780ed'
[   28.670565] zswap: loaded using pool lzo/zbud
[   28.671923] Key type trusted registered
[   28.674332] Key type encrypted registered
[   28.674337] AppArmor: AppArmor sha1 policy hashing enabled
[   28.674340] ima: No TPM chip found, activating TPM-bypass!
[   28.674358] evm: HMAC attrs: 0x1
[   28.674631]   Magic number: 1:580:643
[   28.705298] rtc_cmos rtc_cmos: setting system clock to 2017-05-16 17:38:07 UTC (1494956287)
[   28.705426] BIOS EDD facility v0.16 2004-Jun-25, 0 devices found
[   28.705427] EDD information not available.
[   29.149371] input: AT Translated Set 2 keyboard as /devices/platform/i8042/serio0/input/input2
[   34.648586] Freeing unused kernel memory: 1484K (ffffffff81f45000 - ffffffff820b8000)
[   34.997753] Write protecting the kernel read-only data: 14336k
[   35.186706] Freeing unused kernel memory: 1780K (ffff880001843000 - ffff880001a00000)
[   35.265148] Freeing unused kernel memory: 116K (ffff880001de3000 - ffff880001e00000)
Loading, please [   35.570526] random: systemd-udevd: uninitialized urandom read (16 bytes read, 4 bits of entropy available)
wait...
startin[   35.571013] random: udevadm: uninitialized urandom read (16 bytes read, 4 bits of entropy available)
g version 229
[   35.571040] random: udevadm: uninitialized urandom read (16 bytes read, 4 bits of entropy available)
[   35.571154] random: udevadm: uninitialized urandom read (16 bytes read, 4 bits of entropy available)
[   35.571186] random: udevadm: uninitialized urandom read (16 bytes read, 4 bits of entropy available)
[   35.571215] random: udevadm: uninitialized urandom read (16 bytes read, 4 bits of entropy available)
[   35.571246] random: udevadm: uninitialized urandom read (16 bytes read, 4 bits of entropy available)
[   35.571274] random: udevadm: uninitialized urandom read (16 bytes read, 4 bits of entropy available)
[   35.571300] random: udevadm: uninitialized urandom read (16 bytes read, 4 bits of entropy available)
[   35.571328] random: udevadm: uninitialized urandom read (16 bytes read, 4 bits of entropy available)
[   38.367357] e1000: Intel(R) PRO/1000 Network Driver - version 7.3.21-k8-NAPI
[   38.476964] e1000: Copyright (c) 1999-2006 Intel Corporation.
[   38.522291] Fusion MPT base driver 3.04.20
[   38.647842] Copyright (c) 1999-2008 LSI Corporation
[   38.773331] input: ImExPS/2 Generic Explorer Mouse as /devices/platform/i8042/serio1/input/input4
[   39.076153] AVX version of gcm_enc/dec engaged.
[   39.213142] AES CTR mode by8 optimization enabled
[   39.365934] Fusion MPT SPI Host driver 3.04.20
[   39.465754] e1000 0000:00:03.0 eth0: (PCI:33MHz:32-bit) 02:50:ca:1d:53:f6
[   39.562723] e1000 0000:00:03.0 eth0: Intel(R) PRO/1000 Network Connection
[   39.586038] e1000 0000:00:03.0 enp0s3: renamed from eth0
[   39.683220] mptbase: ioc0: Initiating bringup
[   39.844873] ioc0: LSI53C1030 A0: Capabilities={Initiator}
[   40.138582] scsi host2: ioc0: LSI53C1030 A0, FwRev=00000000h, Ports=1, MaxQ=256, IRQ=20
[   40.474122] scsi 2:0:0:0: Direct-Access     VBOX     HARDDISK         1.0  PQ: 0 ANSI: 5
[   40.653588] scsi target2:0:0: Beginning Domain Validation
[   40.736292] scsi target2:0:0: Domain Validation skipping write tests
[   40.980395] scsi target2:0:0: Ending Domain Validation
[   41.210105] scsi target2:0:0: asynchronous
[   41.409622] scsi 2:0:1:0: Direct-Access     VBOX     HARDDISK         1.0  PQ: 0 ANSI: 5
[   41.688059] scsi target2:0:1: Beginning Domain Validation
[   41.742601] scsi target2:0:1: Domain Validation skipping write tests
[   41.859697] scsi target2:0:1: Ending Domain Validation
[   42.020178] floppy0: no floppy controllers found
[   42.118095] scsi target2:0:1: asynchronous
[   42.287095] sd 2:0:0:0: Attached scsi generic sg0 type 0
[   42.287916] sd 2:0:0:0: [sda] 20971520 512-byte logical blocks: (10.7 GB/10.0 GiB)
[   42.289316] sd 2:0:0:0: [sda] Write Protect is off
[   42.290210] sd 2:0:0:0: [sda] Incomplete mode parameter data
[   42.299988] sd 2:0:1:0: Attached scsi generic sg1 type 0
[   42.424704] sd 2:0:1:0: [sdb] 20480 512-byte logical blocks: (10.5 MB/10.0 MiB)
[   42.424968] sd 2:0:1:0: [sdb] Write Protect is off
[   42.425063] sd 2:0:1:0: [sdb] Incomplete mode parameter data
[   42.425064] sd 2:0:1:0: [sdb] Assuming drive cache: write through
[   42.426476] sd 2:0:1:0: [sdb] Attached SCSI disk
[   42.998419] sd 2:0:0:0: [sda] Assuming drive cache: write through
[   43.039166]  sda: sda1
[   43.082141] sd 2:0:0:0: [sda] Attached SCSI disk
Begin: Loading e[   44.437815] md: linear personality registered for level -1
ssential drivers[   44.553729] md: multipath personality registered for level -4
 ... [   44.707761] md: raid0 personality registered for level 0
[   44.854443] md: raid1 personality registered for level 1
[   45.044594] raid6: sse2x1   gen()  9527 MB/s
[   45.200589] raid6: sse2x1   xor()  7858 MB/s
[   45.372290] raid6: sse2x2   gen() 13803 MB/s
[   45.532490] raid6: sse2x2   xor()  8812 MB/s
[   45.680790] raid6: sse2x4   gen() 15552 MB/s
[   45.840547] raid6: sse2x4   xor() 11226 MB/s
[   45.955824] raid6: using algorithm sse2x4 gen() 15552 MB/s
[   46.064872] raid6: .... xor() 11226 MB/s, rmw enabled
[   46.117291] raid6: using ssse3x2 recovery algorithm
[   46.192086] xor: automatically using best checksumming function:
[   46.459765]    avx       : 56788.000 MB/sec
[   46.590827] async_tx: api initialized (async)
[   46.693204] md: raid6 personality registered for level 6
[   46.809267] md: raid5 personality registered for level 5
[   46.946373] md: raid4 personality registered for level 4
[   47.073632] md: raid10 personality registered for level 10
done.
Begin: Running /scripts/init-p[   47.188626] Btrfs loaded
remount ... done.
Begin: Mounting root file system ... Begin: Running /scripts/local-top ... done.
Begin: Runn[   47.226404] EXT4-fs (sda1): mounted filesystem with ordered data mode. Opts: (null)
ing /scripts/local-premount ... Scanning for Btrfs filesystems
done.
Warning: fsck not present, so skipping root file system
done.
Begin: Running /scripts/local-bottom ... done.
Begin: Running /scripts/init-bottom ... done.
[   47.572961] systemd[1]: systemd 229 running in system mode. (+PAM +AUDIT +SELINUX +IMA +APPARMOR +SMACK +SYSVINIT +UTMP +LIBCRYPTSETUP +GCRYPT +GNUTLS +ACL +XZ -LZ4 +SECCOMP +BLKID +ELFUTILS +KMOD -IDN)
[   48.174908] systemd[1]: Detected virtualization oracle.
[   48.242874] systemd[1]: Detected architecture x86-64.

Welcome to [1mUbuntu 16.04.2 LTS[0m!

[   48.304812] systemd[1]: Set hostname to <ubuntu>.
[   48.431878] systemd[1]: Initializing machine ID from random generator.
[   48.606322] systemd[1]: Installed transient /etc/machine-id file.
[   48.835510] systemd[1]: Created slice System Slice.
[[0;32m  OK  [0m] Created slice System Slice.
[   48.992845] systemd[1]: Listening on udev Control Socket.
[[0;32m  OK  [0m] Listening on udev Control Socket.
[   49.185464] systemd[1]: Listening on Journal Socket.
[[0;32m  OK  [0m] Listening on Journal Socket.
[   49.351606] systemd[1]: Set up automount Arbitrary Executable File Formats File System Automount Point.
[[0;32m  OK  [0m] Set up automount Arbitrary Executab...ats File System Automount Point.
[   49.577005] systemd[1]: Listening on Device-mapper event daemon FIFOs.
[[0;32m  OK  [0m] Listening on Device-mapper event daemon FIFOs.
[   49.805175] systemd[1]: Listening on Journal Socket (/dev/log).
[[0;32m  OK  [0m] Listening on Journal Socket (/dev/log).
[   50.012758] systemd[1]: Starting Load Kernel Modules...
         Starting Load Ke[   50.128449] Loading iSCSI transport class v2.0-870.
rnel Modules...[   50.370890] random: nonblocking pool is initialized

[   50.447907] systemd[1]: Listening on Journal Audit Socket.
[[0;32m  OK  [0[   50.505550] iscsi: registered transport (tcp)
m] Listening on Journal Audit So[   50.748850] iscsi: registered transport (iser)
cket.
[   50.960530] systemd[1]: Mounting Huge Pages File System...
         Mounting Huge Pages File System...
[   51.121162] systemd[1]: Listening on /dev/initctl Compatibility Named Pipe.
[[0;32m  OK  [0m] Listening on /dev/initctl Compatibility Named Pipe.
[   51.373080] systemd[1]: Started Trigger resolvconf update for networkd DNS.
[[0;32m  OK  [0m] Started Trigger resolvconf update for networkd DNS.
[   51.565082] systemd[1]: Starting Create list of required static device nodes for the current kernel...
         Starting Create list of required st... nodes for the current kernel...
[   51.853252] systemd[1]: Started Forward Password Requests to Wall Directory Watch.
[[0;32m  OK  [0m] Started Forward Password Requests to Wall Directory Watch.
[   52.128606] systemd[1]: Starting Uncomplicated firewall...
         Starting Uncomplicated firewall...
[   52.320501] systemd[1]: Starting Set console keymap...
         Starting Set console keymap...
[   52.480677] systemd[1]: Reached target Encrypted Volumes.
[[0;32m  OK  [0m] Reached target Encrypted Volumes.
[   52.653062] systemd[1]: Mounting Debug File System...
         Mounting Debug File System...
[   52.792877] systemd[1]: Listening on LVM2 metadata daemon socket.
[[0;32m  OK  [0m] Listening on LVM2 metadata daemon socket.
[   52.980894] systemd[1]: Starting Monitoring of LVM2 mirrors, snapshots etc. using dmeventd or progress polling...
         Starting Monitoring of LVM2 mirrors... dmeventd or progress polling...
[   53.289042] systemd[1]: Reached target User and Group Name Lookups.
[[0;32m  OK  [0m] Reached target User and Group Name Lookups.
[   53.505119] systemd[1]: Starting Remount Root and Kernel File Systems...
         [   53.600382] EXT4-fs (sda1): re-mounted. Opts: (null)
Starting Remount Root and Kernel File Systems...
[   53.607442] systemd[1]: Mounting POSIX Message Queue File System...
         Mounting POSIX Message Queue File System...
[   53.609428] systemd[1]: Listening on LVM2 poll daemon socket.
[[0;32m  OK  [0m] Listening on LVM2 poll daemon socket.
[   53.736703] systemd[1]: Starting Nameserver information manager...
         Starting Nameserver information manager...
[   53.929070] systemd[1]: Listening on udev Kernel Socket.
[[0;32m  OK  [0m] Listening on udev Kernel Socket.
[   54.089845] systemd[1]: Reached target Swap.
[[0;32m  OK  [0m] Reached target Swap.
[   54.249637] systemd[1]: Created slice system-serial\x2dgetty.slice.
[[0;32m  OK  [0m] Created slice system-serial\x2dgetty.slice.
[   54.456970] systemd[1]: Created slice User and Session Slice.
[[0;32m  OK  [0m] Created slice User and Session Slice.
[   54.656696] systemd[1]: Reached target Slices.
[[0;32m  OK  [0m] Reached target Slices.
[   54.724916] systemd[1]: Listening on Syslog Socket.
[[0;32m  OK  [0m] Listening on Syslog Socket.
[   54.744731] systemd[1]: Starting Journal Service...
         Starting Journal Service...
[   54.833299] systemd[1]: Mounted POSIX Message Queue File System.
[[0;32m  OK  [0m] Mounted POSIX Message Queue File System.
[   55.036702] systemd[1]: Mounted Huge Pages File System.
[[0;32m  OK  [0m] Mounted Huge Pages File System.
[   55.213072] systemd[1]: Mounted Debug File System.
[[0;32m  OK  [0m] Mounted Debug File System.
[   55.376881] systemd[1]: Started Journal Service.
[[0;32m  OK  [0m] Started Journal Service.
[[0;32m  OK  [0m] Started Load Kernel Modules.
[[0;32m  OK  [0m] Started Create list of required sta...ce nodes for the current kernel.
[[0;32m  OK  [0m] Started Uncomplicated firewall.
[[0;32m  OK  [0m] Started Set console keymap.
[[0;32m  OK  [0m] Started Remount Root and Kernel File Systems.
[[0;32m  OK  [0m] Started Nameserver information manager.
[[0;32m  OK  [0m] Started LVM2 metadata daemon.
         Starting Load/Save Random Seed...
         Starting udev Coldplug all Devices...
         Starting Initial cloud-init job (pre-networking)...
         Starting Create Static Device Nodes in /dev...
         Mounting FUSE Control File System...
         Starting Apply Kernel Variables...
         Starting Flush Journal to Persistent Storage...
[[0;32m  OK  [0m] Mounted FUSE Control File System.
[[0;32m  OK  [0m] Started Load/Save Random Seed.
[[0;32m  OK  [0m] Started Create Static Device Nodes in /dev.
[[0;32m  OK  [0m] Started Apply Kernel Variables.
[[0;32m  OK  [0m] Started udev Coldplug all Devices.
[[0;32m  OK  [0m] Started Flush Journal to Persistent Storage.
         Starting udev Kernel Device Manager...
[[0;32m  OK  [0m] Started udev Kernel Device Manager.
[[0;32m  OK  [0m] Started Dispatch Password Requests to Console Directory Watch.
[[0;32m  OK  [0m] Found device /dev/ttyS0.
[[0;32m  OK  [0m] Started Monitoring of LVM2 mirrors,...ng dmeventd or progress polling.
[[0;32m  OK  [0m] Reached target Local File Systems (Pre).
[[0;32m  OK  [0m] Reached target Local File Systems.
[   34.277969] cloud-init[444]: Cloud-init v. 0.7.9 running 'init-local' at Tue, 16 May 2017 17:38:35 +0000. Up 34.03 seconds.
         Starting Commit a transient machine-id on disk...
         Starting Set console font and keymap...
         Starting Tell Plymouth To Write Out Runtime Data...
         Starting Create Volatile Files and Directories...
         Starting LSB: AppArmor initialization...
[[0;32m  OK  [0m] Started Commit a transient machine-id on disk.
[[0;32m  OK  [0m] Started Set console font and keymap.
[[0;32m  OK  [0m] Started Tell Plymouth To Write Out Runtime Data.
[[0;32m  OK  [0m] Started Create Volatile Files and Directories.
[[0;32m  OK  [0m] Started Initial cloud-init job (pre-networking).
[[0;32m  OK  [0m] Listening on Load/Save RF Kill Switch Status /dev/rfkill Watch.
[[0;32m  OK  [0m] Reached target Network (Pre).
[[0;32m  OK  [0m] Reached target System Time Synchronized.
         Starting Update UTMP about System Boot/Shutdown...
[[0;32m  OK  [0m] Created slice system-getty.slice.
[[0;32m  OK  [0m] Started Update UTMP about System Boot/Shutdown.
[[0;32m  OK  [0m] Started LSB: AppArmor initialization.
         Starting Raise network interfaces...
[[0;32m  OK  [0m] Started Raise network interfaces.
         Starting Initial cloud-init job (metadata service crawler)...
[[0;32m  OK  [0m] Reached target Network.
[   38.109738] cloud-init[921]: Cloud-init v. 0.7.9 running 'init' at Tue, 16 May 2017 17:38:38 +0000. Up 37.44 seconds.
[[0;32m  OK  [0m] Started Initial cloud-init job (metadata service crawler).
[[0;32m  OK  [0m] Reached target Network is Online.
[   38.202926] cloud-init[921]: ci-info: +++++++++++++++++++++++++++++++++++++Net device info++++++++++++++++++++++++++++++++++++++
         Starting iSCSI initiator daemon (iscsid)...
[[0;32m  OK  [0m] Reached target Cloud-config availability.
[[0;32m  OK  [0m] Reached target System Initialization.
         Starting Socket activation for snappy daemon.
[[0;32m  OK  [0m] Listening on ACPID Listen Socket.
[   38.389686] cloud-init[921]: ci-info: +--------+------+----------------------------+---------------+-------+-------------------+
[   38.708442] [cloud-init[0;32m  OK  [0m[921]: ] ci-info: | Device |  Up  |          Address           |      Mask     | Scope |     Hw-Address    |Started Daily apt activities.

[   38.708961] cloud-init[921]: ci-info: +--------+------+----------------------------+---------------+-------+-------------------+
[   38.900523] [cloud-init[0;32m  OK  [0m[921]: ] ci-info: | enp0s3 | True |         10.0.2.15          | 255.255.255.0 |   .   | 02:50:ca:1d:53:f6 |Started ACPI Events Check.

[   39.024351] [cloud-init[0;32m  OK  [0m[921]: ] ci-info: | enp0s3 | True | fe80::50:caff:fe1d:53f6/64 |       .       |  link | 02:50:ca:1d:53:f6 |Reached target Paths.

[[0;32m  OK  [0m] Listening on D-Bus System Message Bus Socket.
[[0;32m  OK  [0m] Listening on UUID daemon activation socket.
[   39.024790] cloud-init[921]: ci-info: |   lo   | True |         127.0.0.1          |   255.0.0.0   |   .   |         .         |
[   39.280433] [cloud-init[0;32m  OK  [0m[921]: ] ci-info: |   lo   | True |          ::1/128           |       .       |  host |         .         |Started Timer to automatically refresh installed snaps.

[   39.280950]          Starting LXD - unix socket.
[[0;32m  OK  [0m] Started Daily Cleanup of Temporary Directories.
[[0;32m  OK  [0m] Reached target Timers.
cloud-init[921]: ci-info: +--------+------+----------------------------+---------------+-------+-------------------+
[   39.588778] [cloud-init[0;32m  OK  [0m[921]: ] ci-info: +++++++++++++++++++++++++++Route IPv4 info++++++++++++++++++++++++++++Listening on Socket activation for snappy daemon.

[[0;32m  OK  [0m] Listening on LXD - unix socket.
[[0;32m  OK  [0m] Started iSCSI initiator daemon (iscsid).
[   39.589304] cloud-init[921]: ci-info: +-------+-------------+----------+---------------+-----------+-------+
[   39.844559]          cloud-initStarting Login to default iSCSI targets...[921]: 
ci-info: | Route | Destination | Gateway  |    Genmask    | Interface | Flags |
[   39.964839] [cloud-init[0;32m  OK  [0m[921]: ] ci-info: +-------+-------------+----------+---------------+-----------+-------+Reached target Sockets.

[[0;32m  OK  [0m] Reached target Basic System.
[   39.965675] cloud-init[921]: ci-info: |   0   |   0.0.0.0   | 10.0.2.2 |    0.0.0.0    |   enp0s3  |   UG  |
[   40.164590] [cloud-init[0;32m  OK  [0m[921]: ] ci-info: |   1   |   10.0.2.0  | 0.0.0.0  | 255.255.255.0 |   enp0s3  |   U   |Started D-Bus System Message Bus.

[   40.165096] cloud-init[921]: ci-info: +-------+-------------+----------+---------------+-----------+-------+
[   40.348506]          cloud-initStarting System Logging Service...[921]: 
Generating public/private rsa key pair.
[   40.428777]          cloud-initStarting Login Service...[921]: 
Your identification has been saved in /etc/ssh/ssh_host_rsa_key.
[   40.504981]          cloud-initStarting LSB: MD monitoring daemon...[921]: 
Your public key has been saved in /etc/ssh/ssh_host_rsa_key.pub.
[   40.612702] [cloud-init[0;32m  OK  [0m[921]: ] The key fingerprint is:Started Unattended Upgrades Shutdown.

[   40.613161] cloud-init[921]: SHA256:ftmCqvex9D+kBLXzEaq+CkWqCefKbGMy6oYeoAlP0SM root@ubuntu-xenial
[   40.768872]          cloud-initStarting /etc/rc.local Compatibility...[921]: 
The key's randomart image is:
[   40.848893] [cloud-init[0;32m  OK  [0m[921]: ] +---[RSA 2048]----+Started ACPI event daemon.

[   40.849354] cloud-init[921]: |                 |
[   40.952260]          cloud-initStarting Pollinate to seed the pseudo random number generator...[921]: 
|   .      . .    |
[   41.029048]          cloud-initStarting LSB: Record successful boot for GRUB...[921]: 
|  E o .  . o .   |
[   41.092686] [cloud-init[0;32m  OK  [0m[921]: ] |   o +  . + .    |Started Regular background program processing daemon.

[   41.093194] cloud-init[921]: |+ o . . So o .   |
[   41.208504]          cloud-initStarting Apply the settings specified in cloud-config...[921]: 
|+B o . ....oo    |
[   41.276472] [cloud-init[0;32m  OK  [0m[921]: ] |+.= .  .=.+o.    |Started FUSE filesystem for LXC.

[   41.276861] cloud-init[921]: |**.  ..o.=...    |
[   41.364459] cloud-init[921]: |@*. .ooo+.....   |
         Starting LXD - container startup/shutdown...
[   41.399449] cloud-init[921]: +----[SHA256]-----+
[[0;32m  OK  [0m] Started Snappy daemon.
[   41.478675] cloud-init[921]: Generating public/private dsa key pair.
[   41.494049] cloud-init[921]: Your identification has been saved in /etc/ssh/ssh_host_dsa_key.
[   41.523742] [cloud-init[0;32m  OK  [0m[921]: ] Your public key has been saved in /etc/ssh/ssh_host_dsa_key.pub.Started Deferred execution scheduler.

[   41.524121] cloud-init[921]: The key fingerprint is:
[   41.629911] cloud-init[921]: SHA256:0qtKo0g84tvFxjlDO/Wqu7b217MS3GFSlqKWU2biNls root@ubuntu-xenial
[   41.737381]          cloud-initStarting Accounts Service...[921]: 
The key's randomart image is:
[   41.888435]          cloud-initStarting Auto import assertions from block devices...[921]: 
+---[DSA 1024]----+
[   42.014667] [cloud-init[0;32m  OK  [0m[921]: ] |            .    |Started System Logging Service.

[[0;32m  OK  [0m] Started /etc/rc.local Compatibility.
[[0;32m  OK  [0m] Started Pollinate to seed the pseudo random number generator.
[[0;32m  OK  [0m] Started LXD - container startup/shutdown.
[[0;32m  OK  [0m] Started Auto import assertions from block devices.
[   42.014998] cloud-init[921]: |       . = +     |
[[0;32m  OK  [0m] Started Login to default iSCSI targets.
[[0;32m  OK  [0m] Started LSB: MD monitoring daemon.
[   42.363598] cloud-init[921]: |      . B +      |
[[   42.472642] cloud-init[921]: |       X E o     |
[   42.473479] cloud-init[921]: |     .+.S + .    |
[0;32m  OK  [0m] Started LSB: Record successful boot for GRUB.
[   42.473696] cloud-init[921]: |.   + +o.+ .     |
[   42.620878] cloud-init[921]: |.+  o@  ..o      |
[   42.656613] cloud-init[921]: |+.ooo++..o o     |
[   42.700665] [cloud-init[0;32m  OK  [0m[921]: ] |.oo.+*Bo. ..o    |Started Login Service.

[   42.701296] cloud-init[921]: +----[SHA256]-----+
[   42.796819]          cloud-initStarting Authenticate and Authorize Users to Run Privileged Tasks...[921]: 
Generating public/private ecdsa key pair.
[   42.908529] [cloud-init[0;32m  OK  [0m[921]: ] Your identification has been saved in /etc/ssh/ssh_host_ecdsa_key.Reached target Remote File Systems (Pre).

[[0;32m  OK  [0m] Reached target Remote File Systems.
[   42.908987] cloud-init[921]: Your public key has been saved in /etc/ssh/ssh_host_ecdsa_key.pub.
[   43.121244]          cloud-initStarting LSB: Set the CPU Frequency Scaling governor to "ondemand"...[921]: 
The key fingerprint is:
[   43.224844]          cloud-initStarting LSB: daemon to balance interrupts for SMP systems...[921]: 
SHA256:VkSY5bAmFT+zj+9rRUaImnBHKadU02IaqDXVsxlgTrA root@ubuntu-xenial
[   43.356558]          cloud-initStarting LSB: automatic crash report generation...[921]: 
The key's randomart image is:
         Starting LSB: VirtualBox Linux Additions...
[   43.420725] cloud-init[921]: +---[ECDSA 256]---+
[   43.496370]          cloud-initStarting Permit User Sessions...[921]: 
|      .+O@B+ .   |
[   43.533890] [cloud-init[0;32m  OK  [0m[921]: ] |      =*B*@.o .  |Stopped OpenBSD Secure Shell server.

[   43.534635] cloud-init[921]: |     oE=+@** .   |
[   43.610712]          Starting OpenBSD Secure Shell server...
cloud-init[921]: |    .  o=.o+  o  |
[   43.614146] [[0;32m  OK  [0m] Started OpenBSD Secure Shell server.
[[0;32m  OK  [0m] Started Permit User Sessions.
cloud-init[921]: [[0;32m  OK  [0m] Started Authenticate and Authorize Users to Run Privileged Tasks.
|        S .  o   |
[   43.660336] [cloud-init[0;32m  OK  [0m[921]: ] |       .   o  .  |Started Accounts Service.

[   43.660760] cloud-init[921]: |          . ..   |
         Starting Terminate Plymouth Boot Screen...
[   43.746567] cloud-init[921]: |           ..    |
[   43.807138] cloud-init[921]: |           o+.   |
[   43.809436] cloud-init[921]: +----[SHA256]-----+
[   43.810535] cloud-init[921]: Generating public/private ed25519 key pair.
[   43.816990]          cloud-initStarting Hold until boot process finishes up...[921]: 
Your identification has been saved in /etc/ssh/ssh_host_ed25519_key.
[   43.920146] [cloud-init[0;32m  OK  [0m[921]: ] Your public key has been saved in /etc/ssh/ssh_host_ed25519_key.pub.Started LSB: Set the CPU Frequency Scaling governor to "ondemand".

[   43.920677] [cloud-init[0;32m  OK  [0m[921]: ] The key fingerprint is:Started Apply the settings specified in cloud-config.

[   44.140654] [cloud-init[0;32m  OK  [0m[921]: ] SHA256:zwr/CozM/822Y3n0DIwcLQkwQgGioN6nHzPElvsSzWU root@ubuntu-xenialStarted LSB: daemon to balance interrupts for SMP systems.

[   44.141173] [cloud-init[0;32m  OK  [0m[921]: ] The key's randomart image is:Started LSB: automatic crash report generation.

[   44.356316] [cloud-init[0;32m  OK  [0m[921]: ] +--[ED25519 256]--+Started LSB: VirtualBox Linux Additions.

[   44.356756] cloud-init[921]: |o .o+.o.         |
[   44.472526] [cloud-init[0;32m  OK  [0m[921]: ] |+.   . ..        |Started Terminate Plymouth Boot Screen.

[   44.472947] cloud-init[921]: |o        . o     |
[   44.556432] [cloud-init[0;32m  OK  [0m[921]: ] |. . . .  E+ .    |Started Hold until boot process finishes up.

[   44.557222] cloud-init[921]: | . . *o S. =     |
[[0;32m  OK  [0m] Created slice User Slice of ubuntu.
[   44.672777] cloud-init[921]: |   o=+.o oo +    |
[   44.748687] cloud-init[921]: |   .+==   oo +   |
[   44.780498] cloud-init[921]: |    .o=+ += . o  |
[   44.816670] cloud-init[921]: |     .oo===+     |
[[0;32m  OK  [0m] Started Session 1 of user ubuntu.
[   44.859869] cloud-init[921]: +----[SHA256]-----+
         Starting User Manager for UID 1000...
[   44.928722] cloud-init[1086]: Generating locales (this might take a while)...
[   45.032818] cloud-init[1086]:   en_US.UTF-8... done
[   45.033317] cloud-init[1086]: Generation complete.
         Starting Set console scheme...
[   45.033526] cloud-init[1086]: Cloud-init v. 0.7.9 running 'modules:config' at Tue, 16 May 2017 17:38:42 +0000. Up 41.41 seconds.
[[0;32m  OK  [0m] Started Getty on tty1.
[[0;32m  OK  [0m] Started Serial Getty on ttyS0.
[[0;32m  OK  [0m] Reached target Login Prompts.
[[0;32m  OK  [0m] Reached target Multi-User System.
[[0;32m  OK  [0m] Reached target Graphical Interface.
         Starting Update UTMP about System Runlevel Changes...
         Starting Execute cloud user/final scripts...
[[0;32m  OK  [0m] Started User Manager for UID 1000.
[[0;32m  OK  [0m] Started Set console scheme.
[[0;32m  OK  [0m] Started Update UTMP about System Runlevel Changes.
ci-info: no authorized ssh keys fingerprints found for user ubuntu.
<14>May 16 17:38:46 ec2: 
<14>May 16 17:38:46 ec2: #############################################################
<14>May 16 17:38:46 ec2: -----BEGIN SSH HOST KEY FINGERPRINTS-----
<14>May 16 17:38:46 ec2: 1024 SHA256:0qtKo0g84tvFxjlDO/Wqu7b217MS3GFSlqKWU2biNls root@ubuntu-xenial (DSA)
<14>May 16 17:38:46 ec2: 256 SHA256:VkSY5bAmFT+zj+9rRUaImnBHKadU02IaqDXVsxlgTrA root@ubuntu-xenial (ECDSA)
<14>May 16 17:38:46 ec2: 256 SHA256:zwr/CozM/822Y3n0DIwcLQkwQgGioN6nHzPElvsSzWU root@ubuntu-xenial (ED25519)
<14>May 16 17:38:46 ec2: 2048 SHA256:ftmCqvex9D+kBLXzEaq+CkWqCefKbGMy6oYeoAlP0SM root@ubuntu-xenial (RSA)
<14>May 16 17:38:46 ec2: -----END SSH HOST KEY FINGERPRINTS-----
<14>May 16 17:38:46 ec2: #############################################################
-----BEGIN SSH HOST KEY KEYS-----
ecdsa-sha2-nistp256 AAAAE2VjZHNhLXNoYTItbmlzdHAyNTYAAAAIbmlzdHAyNTYAAABBBNTJ6DjUrSi3JFx+je6BtcXO5opY5ftcDxrN9FJsQufKqSoP0BrfboDbnfyvqCOReNq2onGpnLyLbmP4HaCVUsE= root@ubuntu-xenial
ssh-ed25519 AAAAC3NzaC1lZDI1NTE5AAAAINghGOOBCxVYsKx4mnEh1dYyVTeqpacCtFMPGwiUypgn root@ubuntu-xenial
ssh-rsa AAAAB3NzaC1yc2EAAAADAQABAAABAQDbI+S2qyn2t9M3ijQIWbzSWQibV29U+8s5nol9qIt4VwvBZ4t8z05o8gnHZLAXn6SnCjciAri+/vyT+6MFH5bxSmFxzID7rWxAxgM14foBW8XZcfTWXAQA4b81voNlOaEFnwYaGALYwk4LXIr1U/0W8RZl9NxBafTbIP5vfcWw0Hfi5JY6cIER4iDS+L/AJNlpyUio+LvhYYpzm73vXknnWncuamG/cXBJBEYU+1aS0VYBhMafW/PvK8M6hX2duzgI1z6Ze8lUsu4XeRRBW0/w48stH4mjEsF003p/0kd3siHG0J+JRNYyEfzw5P1NIO4D17NuE4Ps4yNjVyOyhg9T root@ubuntu-xenial
-----END SSH HOST KEY KEYS-----
[   46.678957] cloud-init[1287]: Cloud-init v. 0.7.9 running 'modules:final' at Tue, 16 May 2017 17:38:46 +0000. Up 45.73 seconds.
[   46.737912] [cloud-init[0;32m  OK  [0m[1287]: ] ci-info: no authorized ssh keys fingerprints found for user ubuntu.Started Execute cloud user/final scripts.

[   46.738397] cloud-init[1287]: Cloud-init v. 0.7.9 finished at Tue, 16 May 2017 17:38:47 +0000. Datasource DataSourceNoCloud [seed=/dev/sdb][dsmode=net].  Up 46.66 seconds
[[0;32m  OK  [0m] Started Session 2 of user ubuntu.
[[0;32m  OK  [0m] Reached target Cloud-init target.

Ubuntu 16.04.2 LTS ubuntu-xenial ttyS0

ubuntu-xenial login: 